C:\Program Files\Microsoft Visual Studio\2022\Community\MSBuild\Microsoft\VC\v170\Microsoft.CppBuild.targets(531,5): warning MSB8028: промежуточный каталог (x64\Debug\) содержит файлы, которые используются совместно с другим проектом (StackProject.cpp.vcxproj).  Это может привести к ошибкам очистки и перестроения.
  main.cpp
G:\proga\StackProject.cpp\StackProject.cpp\List.h(78,18): error C2280: "SmartPointer<Node<T>> &SmartPointer<Node<T>>::operator =(const SmartPointer<Node<T>> &)": предпринята попытка ссылки на удаленную функцию
G:\proga\StackProject.cpp\StackProject.cpp\List.h(78,18): error C2280:         with
G:\proga\StackProject.cpp\StackProject.cpp\List.h(78,18): error C2280:         [
G:\proga\StackProject.cpp\StackProject.cpp\List.h(78,18): error C2280:             T=std::string
G:\proga\StackProject.cpp\StackProject.cpp\List.h(78,18): error C2280:         ]
  (компиляция исходного файла "main.cpp")
  G:\proga\StackProject.cpp\StackProject.cpp\SmartPointer.h(17,19):
   см. объявление "SmartPointer<Node<T>>::operator ="
          with
          [
              T=std::string
          ]
  G:\proga\StackProject.cpp\StackProject.cpp\SmartPointer.h(17,19):
  "SmartPointer<Node<T>> &SmartPointer<Node<T>>::operator =(const SmartPointer<Node<T>> &)": функция явно удалена.
          with
          [
              T=std::string
          ]
  G:\proga\StackProject.cpp\StackProject.cpp\List.h(78,18):
  контекст создания экземпляра шаблона (сначала самый старый)
  	G:\proga\StackProject.cpp\StackProject.cpp\main.cpp(71,9):
  	выполняется компиляция ссылки на экземпляр шаблон функции "void menu<std::string>(void)"
  	G:\proga\StackProject.cpp\StackProject.cpp\main.cpp(7,13):
  	выполняется компиляция ссылки на экземпляр класс шаблон функции "List<std::string>"
  	G:\proga\StackProject.cpp\StackProject.cpp\List.h(75,10):
  	во время компиляции функции-члена класс шаблон "void List<std::string>::pop_back(void)"
  		G:\proga\StackProject.cpp\StackProject.cpp\main.cpp(24,30):
  		см. первую ссылку на "List<std::string>::pop_back" в "menu"
  
